<?xml version="1.0" encoding="UTF-8"?>
<!-- Generated by org.testng.reporters.JUnitXMLReporter -->
<testsuite hostname="EGDM1-ABaiomy" ignored="16" name="Suite" tests="40" failures="1" timestamp="23 Jan 2020 09:53:34 GMT" time="376.853" errors="0">
  <testcase name="CheckLogin" time="0.455" classname="CRUDTests.AnnualIncomeCRUDTest"/>
  <testcase name="CheckSaveTestCase" time="60.812" classname="CRUDTests.AnnualIncomeCRUDTest"/>
  <testcase name="checkUpdateTestCase" time="6.242" classname="CRUDTests.AnnualIncomeCRUDTest"/>
  <testcase name="checkDeleteTestCase" time="10.097" classname="CRUDTests.AnnualIncomeCRUDTest"/>
  <testcase name="checkFilterArea" time="27.678" classname="CRUDTests.AnnualIncomeCRUDTest"/>
  <testcase name="checkRetrieveAllAndPaging" time="2.409" classname="CRUDTests.AnnualIncomeCRUDTest"/>
  <testcase name="checkFilterArea" time="68.764" classname="CRUDTests.BusinessPartiesCRUDTest"/>
  <testcase name="checkRetrieveAllAndPaging" time="2.742" classname="CRUDTests.BusinessPartiesCRUDTest"/>
  <testcase name="CheckSaveTestCase" time="79.149" classname="CRUDTests.CommitteesCRUDTest"/>
  <testcase name="checkUpdateTestCase" time="17.677" classname="CRUDTests.CommitteesCRUDTest"/>
  <testcase name="checkDeleteTestCase" time="23.093" classname="CRUDTests.CommitteesCRUDTest"/>
  <testcase name="checkFilterArea" time="48.874" classname="CRUDTests.CommitteesCRUDTest"/>
  <testcase name="checkRetrieveAllAndPaging" time="6.058" classname="CRUDTests.CommitteesCRUDTest"/>
  <testcase name="CheckSaveTestCase" time="20.984" classname="CRUDTests.CommitteesMeetingsCRUDTest"/>
  <testcase name="checkUpdateTestCase" time="1.106" classname="CRUDTests.CommitteesMeetingsCRUDTest"/>
  <testcase name="checkDeleteTestCase" time="0.093" classname="CRUDTests.CommitteesMeetingsCRUDTest">
    <failure type="org.openqa.selenium.WebDriverException" message="unknown error: Element &amp;lt;input type=&amp;quot;image&amp;quot; name=&amp;quot;V2DeleteButton&amp;quot; id=&amp;quot;V2DeleteButton&amp;quot; accesskey=&amp;quot;r&amp;quot; title=&amp;quot;Delete&amp;quot; onmouseout=&amp;quot;this.src.replace(&amp;apos;over&amp;apos;,&amp;apos;&amp;apos;)&amp;quot; onmouseover=&amp;quot;this.src.replace(&amp;apos;.gif&amp;apos;,&amp;apos;over.gif&amp;apos;)&amp;quot; src=&amp;quot;../Images/ButtonBarDelete.gif&amp;quot; alt=&amp;quot;Delete&amp;quot; onclick=&amp;quot;return (  confirm(&amp;apos; Are you sure you want to delete the selected records?&amp;apos;));&amp;quot;&amp;gt; is not clickable at point (69, 44). Other element would receive the click: &amp;lt;div style=&amp;quot;position:absolute; width:100%;height:1000px;background-color:#000000;filter:alpha(opacity=10);opacity:0.20;-moz-opacity:0.20;padding:20px;&amp;quot;&amp;gt;&amp;lt;/div&amp;gt;
  (Session info: chrome=79.0.3945.88)
  (Driver info: chromedriver=71.0.3578.33 (269aa0e3f0db08097f0fe231c7e6be200b6939f7),platform=Windows NT 10.0.16299 x86_64) (WARNING: The server did not provide any stacktrace information)
Command duration or timeout: 0 milliseconds
Build info: version: &amp;apos;3.141.59&amp;apos;, revision: &amp;apos;e82be7d358&amp;apos;, time: &amp;apos;2018-11-14T08:17:03&amp;apos;
System info: host: &amp;apos;EGDM1-ABAIOMY&amp;apos;, ip: &amp;apos;192.168.113.60&amp;apos;, os.name: &amp;apos;Windows 10&amp;apos;, os.arch: &amp;apos;amd64&amp;apos;, os.version: &amp;apos;10.0&amp;apos;, java.version: &amp;apos;1.8.0_151&amp;apos;
Driver info: org.openqa.selenium.chrome.ChromeDriver
Capabilities {acceptInsecureCerts: false, acceptSslCerts: false, applicationCacheEnabled: false, browserConnectionEnabled: false, browserName: chrome, chrome: {chromedriverVersion: 71.0.3578.33 (269aa0e3f0db0..., userDataDir: C:\Users\AMR~1.BAI\AppData\...}, cssSelectorsEnabled: true, databaseEnabled: false, goog:chromeOptions: {debuggerAddress: localhost:23486}, handlesAlerts: true, hasTouchScreen: false, javascriptEnabled: true, locationContextEnabled: true, mobileEmulationEnabled: false, nativeEvents: true, networkConnectionEnabled: false, pageLoadStrategy: normal, platform: XP, platformName: XP, rotatable: false, setWindowRect: true, takesHeapSnapshot: true, takesScreenshot: true, unexpectedAlertBehaviour: , unhandledPromptBehavior: , version: 79.0.3945.88, webStorageEnabled: true}
Session ID: c54dd4a29750b91476279b3d6fedb390">
      <![CDATA[org.openqa.selenium.WebDriverException: unknown error: Element <input type="image" name="V2DeleteButton" id="V2DeleteButton" accesskey="r" title="Delete" onmouseout="this.src.replace('over','')" onmouseover="this.src.replace('.gif','over.gif')" src="../Images/ButtonBarDelete.gif" alt="Delete" onclick="return (  confirm(' Are you sure you want to delete the selected records?'));"> is not clickable at point (69, 44). Other element would receive the click: <div style="position:absolute; width:100%;height:1000px;background-color:#000000;filter:alpha(opacity=10);opacity:0.20;-moz-opacity:0.20;padding:20px;"></div>
  (Session info: chrome=79.0.3945.88)
  (Driver info: chromedriver=71.0.3578.33 (269aa0e3f0db08097f0fe231c7e6be200b6939f7),platform=Windows NT 10.0.16299 x86_64) (WARNING: The server did not provide any stacktrace information)
Command duration or timeout: 0 milliseconds
Build info: version: '3.141.59', revision: 'e82be7d358', time: '2018-11-14T08:17:03'
System info: host: 'EGDM1-ABAIOMY', ip: '192.168.113.60', os.name: 'Windows 10', os.arch: 'amd64', os.version: '10.0', java.version: '1.8.0_151'
Driver info: org.openqa.selenium.chrome.ChromeDriver
Capabilities {acceptInsecureCerts: false, acceptSslCerts: false, applicationCacheEnabled: false, browserConnectionEnabled: false, browserName: chrome, chrome: {chromedriverVersion: 71.0.3578.33 (269aa0e3f0db0..., userDataDir: C:\Users\AMR~1.BAI\AppData\...}, cssSelectorsEnabled: true, databaseEnabled: false, goog:chromeOptions: {debuggerAddress: localhost:23486}, handlesAlerts: true, hasTouchScreen: false, javascriptEnabled: true, locationContextEnabled: true, mobileEmulationEnabled: false, nativeEvents: true, networkConnectionEnabled: false, pageLoadStrategy: normal, platform: XP, platformName: XP, rotatable: false, setWindowRect: true, takesHeapSnapshot: true, takesScreenshot: true, unexpectedAlertBehaviour: , unhandledPromptBehavior: , version: 79.0.3945.88, webStorageEnabled: true}
Session ID: c54dd4a29750b91476279b3d6fedb390
at sun.reflect.NativeConstructorAccessorImpl.newInstance0(Native Method)
at sun.reflect.NativeConstructorAccessorImpl.newInstance(NativeConstructorAccessorImpl.java:62)
at sun.reflect.DelegatingConstructorAccessorImpl.newInstance(DelegatingConstructorAccessorImpl.java:45)
at java.lang.reflect.Constructor.newInstance(Constructor.java:423)
at org.openqa.selenium.remote.ErrorHandler.createThrowable(ErrorHandler.java:214)
at org.openqa.selenium.remote.ErrorHandler.throwIfResponseFailed(ErrorHandler.java:166)
at org.openqa.selenium.remote.http.JsonHttpResponseCodec.reconstructValue(JsonHttpResponseCodec.java:40)
at org.openqa.selenium.remote.http.AbstractHttpResponseCodec.decode(AbstractHttpResponseCodec.java:80)
at org.openqa.selenium.remote.http.AbstractHttpResponseCodec.decode(AbstractHttpResponseCodec.java:44)
at org.openqa.selenium.remote.HttpCommandExecutor.execute(HttpCommandExecutor.java:158)
at org.openqa.selenium.remote.service.DriverCommandExecutor.execute(DriverCommandExecutor.java:83)
at org.openqa.selenium.remote.RemoteWebDriver.execute(RemoteWebDriver.java:552)
at org.openqa.selenium.remote.RemoteWebElement.execute(RemoteWebElement.java:285)
at org.openqa.selenium.remote.RemoteWebElement.click(RemoteWebElement.java:84)
at sun.reflect.GeneratedMethodAccessor8.invoke(Unknown Source)
at sun.reflect.DelegatingMethodAccessorImpl.invoke(DelegatingMethodAccessorImpl.java:43)
at java.lang.reflect.Method.invoke(Method.java:498)
at org.openqa.selenium.support.pagefactory.internal.LocatingElementHandler.invoke(LocatingElementHandler.java:51)
at com.sun.proxy.$Proxy14.click(Unknown Source)
at Pages.PageBase.clickButton(PageBase.java:64)
at CRUDPages.CRUDMainPage.deleteData(CRUDMainPage.java:183)
at CRUDPages.CommitteesmeetingsCRUDPage.deleteData(CommitteesmeetingsCRUDPage.java:103)
at CRUDTests.CommitteesMeetingsCRUDTest.checkDeleteTestCase(CommitteesMeetingsCRUDTest.java:69)
at sun.reflect.NativeMethodAccessorImpl.invoke0(Native Method)
at sun.reflect.NativeMethodAccessorImpl.invoke(NativeMethodAccessorImpl.java:62)
at sun.reflect.DelegatingMethodAccessorImpl.invoke(DelegatingMethodAccessorImpl.java:43)
at java.lang.reflect.Method.invoke(Method.java:498)
at org.testng.internal.MethodInvocationHelper.invokeMethod(MethodInvocationHelper.java:124)
at org.testng.internal.Invoker.invokeMethod(Invoker.java:580)
at org.testng.internal.Invoker.invokeTestMethod(Invoker.java:716)
at org.testng.internal.Invoker.invokeTestMethods(Invoker.java:988)
at org.testng.internal.TestMethodWorker.invokeTestMethods(TestMethodWorker.java:125)
at org.testng.internal.TestMethodWorker.run(TestMethodWorker.java:109)
at org.testng.TestRunner.privateRun(TestRunner.java:648)
at org.testng.TestRunner.run(TestRunner.java:505)
at org.testng.SuiteRunner.runTest(SuiteRunner.java:455)
at org.testng.SuiteRunner.runSequentially(SuiteRunner.java:450)
at org.testng.SuiteRunner.privateRun(SuiteRunner.java:415)
at org.testng.SuiteRunner.run(SuiteRunner.java:364)
at org.testng.SuiteRunnerWorker.runSuite(SuiteRunnerWorker.java:52)
at org.testng.SuiteRunnerWorker.run(SuiteRunnerWorker.java:84)
at org.testng.TestNG.runSuitesSequentially(TestNG.java:1208)
at org.testng.TestNG.runSuitesLocally(TestNG.java:1137)
at org.testng.TestNG.runSuites(TestNG.java:1049)
at org.testng.TestNG.run(TestNG.java:1017)
at org.testng.remote.AbstractRemoteTestNG.run(AbstractRemoteTestNG.java:114)
at org.testng.remote.RemoteTestNG.initAndRun(RemoteTestNG.java:251)
at org.testng.remote.RemoteTestNG.main(RemoteTestNG.java:77)
]]>
    </failure>
  </testcase> <!-- checkDeleteTestCase -->
  <testcase name="checkFilterArea" time="0.0" classname="CRUDTests.CommitteesMeetingsCRUDTest">
    <skipped/>
  </testcase> <!-- checkFilterArea -->
  <testcase name="checkRetrieveAllAndPaging" time="0.0" classname="CRUDTests.CommitteesMeetingsCRUDTest">
    <skipped/>
  </testcase> <!-- checkRetrieveAllAndPaging -->
  <testcase name="CheckSaveTestCase" time="0.0" classname="CRUDTests.CompaniesCRUDTest">
    <skipped/>
  </testcase> <!-- CheckSaveTestCase -->
  <testcase name="checkUpdateTestCase" time="0.0" classname="CRUDTests.CompaniesCRUDTest">
    <skipped/>
  </testcase> <!-- checkUpdateTestCase -->
  <testcase name="checkDeleteTestCase" time="0.0" classname="CRUDTests.CompaniesCRUDTest">
    <skipped/>
  </testcase> <!-- checkDeleteTestCase -->
  <testcase name="checkFilterArea" time="0.0" classname="CRUDTests.CompaniesCRUDTest">
    <skipped/>
  </testcase> <!-- checkFilterArea -->
  <testcase name="checkRetrieveAllAndPaging" time="0.0" classname="CRUDTests.CompaniesCRUDTest">
    <skipped/>
  </testcase> <!-- checkRetrieveAllAndPaging -->
  <testcase name="checkFilterArea" time="0.0" classname="CRUDTests.CorporateFinanciersCRUDTest">
    <skipped/>
  </testcase> <!-- checkFilterArea -->
  <testcase name="checkRetrieveAllAndPaging" time="0.0" classname="CRUDTests.CorporateFinanciersCRUDTest">
    <skipped/>
  </testcase> <!-- checkRetrieveAllAndPaging -->
  <testcase name="CheckSaveTestCase" time="0.0" classname="CRUDTests.CurrenciesCRUDTest">
    <skipped/>
  </testcase> <!-- CheckSaveTestCase -->
  <testcase name="checkUpdateTestCase" time="0.0" classname="CRUDTests.CurrenciesCRUDTest">
    <skipped/>
  </testcase> <!-- checkUpdateTestCase -->
  <testcase name="checkDeleteTestCase" time="0.0" classname="CRUDTests.CurrenciesCRUDTest">
    <skipped/>
  </testcase> <!-- checkDeleteTestCase -->
  <testcase name="checkFilterArea" time="0.0" classname="CRUDTests.CurrenciesCRUDTest">
    <skipped/>
  </testcase> <!-- checkFilterArea -->
  <testcase name="checkRetrieveAllAndPaging" time="0.0" classname="CRUDTests.CurrenciesCRUDTest">
    <skipped/>
  </testcase> <!-- checkRetrieveAllAndPaging -->
  <testcase name="CheckSaveTestCase" time="0.0" classname="CRUDTests.DocumentTypesCRUDTest">
    <skipped/>
  </testcase> <!-- CheckSaveTestCase -->
  <testcase name="updateData" time="0.0" classname="CRUDTests.DocumentTypesCRUDTest">
    <skipped/>
  </testcase> <!-- updateData -->
  <testcase name="deleteData" time="0.0" classname="CRUDTests.DocumentTypesCRUDTest">
    <skipped/>
  </testcase> <!-- deleteData -->
  <testcase name="filterByRecords" time="0.0" classname="CRUDTests.DocumentTypesCRUDTest">
    <skipped/>
  </testcase> <!-- filterByRecords -->
  <testcase name="retrieveAllAndPaging" time="0.0" classname="CRUDTests.DocumentTypesCRUDTest">
    <skipped/>
  </testcase> <!-- retrieveAllAndPaging -->
  <testcase name="CheckSaveTestCase" time="0.0" classname="CRUDTests.IDTypesCRUDTest">
    <skipped/>
  </testcase> <!-- CheckSaveTestCase -->
  <testcase name="checkUpdateTestCase" time="0.0" classname="CRUDTests.IDTypesCRUDTest">
    <skipped/>
  </testcase> <!-- checkUpdateTestCase -->
  <testcase name="checkDeleteTestCase" time="0.0" classname="CRUDTests.IDTypesCRUDTest">
    <skipped/>
  </testcase> <!-- checkDeleteTestCase -->
  <testcase name="checkFilterArea" time="0.0" classname="CRUDTests.IDTypesCRUDTest">
    <skipped/>
  </testcase> <!-- checkFilterArea -->
  <testcase name="checkRetrieveAllAndPaging" time="0.0" classname="CRUDTests.IDTypesCRUDTest">
    <skipped/>
  </testcase> <!-- checkRetrieveAllAndPaging -->
  <testcase name="@AfterSuite stopDriver" time="0.0" classname="Tests.TestBase">
    <ignored/>
  </testcase> <!-- @AfterSuite stopDriver -->
  <testcase name="@AfterSuite stopDriver" time="0.0" classname="Tests.TestBase">
    <ignored/>
  </testcase> <!-- @AfterSuite stopDriver -->
  <testcase name="@AfterSuite stopDriver" time="0.0" classname="Tests.TestBase">
    <ignored/>
  </testcase> <!-- @AfterSuite stopDriver -->
  <testcase name="@AfterSuite stopDriver" time="0.0" classname="Tests.TestBase">
    <ignored/>
  </testcase> <!-- @AfterSuite stopDriver -->
  <testcase name="@AfterSuite stopDriver" time="0.0" classname="Tests.TestBase">
    <ignored/>
  </testcase> <!-- @AfterSuite stopDriver -->
  <testcase name="@AfterSuite stopDriver" time="0.0" classname="Tests.TestBase">
    <ignored/>
  </testcase> <!-- @AfterSuite stopDriver -->
  <testcase name="@AfterSuite stopDriver" time="0.0" classname="Tests.TestBase">
    <ignored/>
  </testcase> <!-- @AfterSuite stopDriver -->
  <testcase name="@AfterSuite stopDriver" time="0.0" classname="Tests.TestBase">
    <ignored/>
  </testcase> <!-- @AfterSuite stopDriver -->
  <testcase name="@BeforeSuite startDriver" time="0.0" classname="Tests.TestBase">
    <ignored/>
  </testcase> <!-- @BeforeSuite startDriver -->
  <testcase name="@BeforeSuite startDriver" time="0.0" classname="Tests.TestBase">
    <ignored/>
  </testcase> <!-- @BeforeSuite startDriver -->
  <testcase name="@BeforeSuite startDriver" time="0.0" classname="Tests.TestBase">
    <ignored/>
  </testcase> <!-- @BeforeSuite startDriver -->
  <testcase name="@BeforeSuite startDriver" time="0.0" classname="Tests.TestBase">
    <ignored/>
  </testcase> <!-- @BeforeSuite startDriver -->
  <testcase name="@BeforeSuite startDriver" time="0.0" classname="Tests.TestBase">
    <ignored/>
  </testcase> <!-- @BeforeSuite startDriver -->
  <testcase name="@BeforeSuite startDriver" time="0.0" classname="Tests.TestBase">
    <ignored/>
  </testcase> <!-- @BeforeSuite startDriver -->
  <testcase name="@BeforeSuite startDriver" time="0.0" classname="Tests.TestBase">
    <ignored/>
  </testcase> <!-- @BeforeSuite startDriver -->
  <testcase name="@BeforeSuite startDriver" time="0.0" classname="Tests.TestBase">
    <ignored/>
  </testcase> <!-- @BeforeSuite startDriver -->
</testsuite> <!-- Suite -->
