<?xml version="1.0" encoding="UTF-8"?>
<!-- Generated by org.testng.reporters.JUnitReportReporter -->
<testsuite skipped="4" hostname="EGDM1-AMounir" name="Tests.MonthlyAllCaluclationMethodsWithDependOnTransactionOptionTest" tests="6" failures="0" timestamp="2019-11-03T17:14:20 EET" time="94.369" errors="1">
  <testcase name="CheckLogin" time="0.604" classname="Tests.MonthlyAllCaluclationMethodsWithDependOnTransactionOptionTest"/>
  <testcase name="fillRepaymentPlanMasterData" time="0.000" classname="Tests.MonthlyAllCaluclationMethodsWithDependOnTransactionOptionTest">
    <skipped/>
  </testcase> <!-- fillRepaymentPlanMasterData -->
  <testcase name="OpenRepaymentPlanModule" time="93.765" classname="Tests.MonthlyAllCaluclationMethodsWithDependOnTransactionOptionTest">
    <error type="org.openqa.selenium.TimeoutException" message="Expected condition failed: waiting for frame to be available: frame_150017 (tried for 50 second(s) with 500 milliseconds interval)
Build info: version: &#039;3.141.59&#039;, revision: &#039;e82be7d358&#039;, time: &#039;2018-11-14T08:17:03&#039;
System info: host: &#039;EGDM1-AMOUNIR&#039;, ip: &#039;192.168.113.37&#039;, os.name: &#039;Windows 10&#039;, os.arch: &#039;amd64&#039;, os.version: &#039;10.0&#039;, java.version: &#039;1.8.0_231&#039;
Driver info: org.openqa.selenium.chrome.ChromeDriver
Capabilities {acceptInsecureCerts: false, acceptSslCerts: false, applicationCacheEnabled: false, browserConnectionEnabled: false, browserName: chrome, chrome: {chromedriverVersion: 71.0.3578.33 (269aa0e3f0db0..., userDataDir: C:\Users\AHMED~1.MOU\AppDat...}, cssSelectorsEnabled: true, databaseEnabled: false, goog:chromeOptions: {debuggerAddress: localhost:21755}, handlesAlerts: true, hasTouchScreen: false, javascriptEnabled: true, locationContextEnabled: true, mobileEmulationEnabled: false, nativeEvents: true, networkConnectionEnabled: false, pageLoadStrategy: normal, platform: XP, platformName: XP, rotatable: false, setWindowRect: true, takesHeapSnapshot: true, takesScreenshot: true, unexpectedAlertBehaviour: , unhandledPromptBehavior: , version: 77.0.3865.120, webStorageEnabled: true}
Session ID: 1e979dab7e1317537f188520367ca6ac">
      <![CDATA[org.openqa.selenium.TimeoutException: Expected condition failed: waiting for frame to be available: frame_150017 (tried for 50 second(s) with 500 milliseconds interval)
Build info: version: '3.141.59', revision: 'e82be7d358', time: '2018-11-14T08:17:03'
System info: host: 'EGDM1-AMOUNIR', ip: '192.168.113.37', os.name: 'Windows 10', os.arch: 'amd64', os.version: '10.0', java.version: '1.8.0_231'
Driver info: org.openqa.selenium.chrome.ChromeDriver
Capabilities {acceptInsecureCerts: false, acceptSslCerts: false, applicationCacheEnabled: false, browserConnectionEnabled: false, browserName: chrome, chrome: {chromedriverVersion: 71.0.3578.33 (269aa0e3f0db0..., userDataDir: C:\Users\AHMED~1.MOU\AppDat...}, cssSelectorsEnabled: true, databaseEnabled: false, goog:chromeOptions: {debuggerAddress: localhost:21755}, handlesAlerts: true, hasTouchScreen: false, javascriptEnabled: true, locationContextEnabled: true, mobileEmulationEnabled: false, nativeEvents: true, networkConnectionEnabled: false, pageLoadStrategy: normal, platform: XP, platformName: XP, rotatable: false, setWindowRect: true, takesHeapSnapshot: true, takesScreenshot: true, unexpectedAlertBehaviour: , unhandledPromptBehavior: , version: 77.0.3865.120, webStorageEnabled: true}
Session ID: 1e979dab7e1317537f188520367ca6ac
at org.openqa.selenium.support.ui.WebDriverWait.timeoutException(WebDriverWait.java:95)
at org.openqa.selenium.support.ui.FluentWait.until(FluentWait.java:272)
at Pages.PageBase.waitForFrame(PageBase.java:199)
at Pages.RepaymentPlanTemplatesPage.OpenRepaymentPlanTemplates(RepaymentPlanTemplatesPage.java:114)
at Tests.MonthlyAllCaluclationMethodsWithDependOnTransactionOptionTest.OpenRepaymentPlanModule(MonthlyAllCaluclationMethodsWithDependOnTransactionOptionTest.java:98)
at sun.reflect.NativeMethodAccessorImpl.invoke0(Native Method)
at sun.reflect.NativeMethodAccessorImpl.invoke(Unknown Source)
at sun.reflect.DelegatingMethodAccessorImpl.invoke(Unknown Source)
at java.lang.reflect.Method.invoke(Unknown Source)
at org.testng.internal.MethodInvocationHelper.invokeMethod(MethodInvocationHelper.java:133)
at org.testng.internal.TestInvoker.invokeMethod(TestInvoker.java:584)
at org.testng.internal.TestInvoker.invokeTestMethod(TestInvoker.java:172)
at org.testng.internal.MethodRunner.runInSequence(MethodRunner.java:46)
at org.testng.internal.TestInvoker$MethodInvocationAgent.invoke(TestInvoker.java:804)
at org.testng.internal.TestInvoker.invokeTestMethods(TestInvoker.java:145)
at org.testng.internal.TestMethodWorker.invokeTestMethods(TestMethodWorker.java:146)
at org.testng.internal.TestMethodWorker.run(TestMethodWorker.java:128)
at java.util.ArrayList.forEach(Unknown Source)
at org.testng.TestRunner.privateRun(TestRunner.java:770)
at org.testng.TestRunner.run(TestRunner.java:591)
at org.testng.SuiteRunner.runTest(SuiteRunner.java:402)
at org.testng.SuiteRunner.runSequentially(SuiteRunner.java:396)
at org.testng.SuiteRunner.privateRun(SuiteRunner.java:355)
at org.testng.SuiteRunner.run(SuiteRunner.java:304)
at org.testng.SuiteRunnerWorker.runSuite(SuiteRunnerWorker.java:53)
at org.testng.SuiteRunnerWorker.run(SuiteRunnerWorker.java:96)
at org.testng.TestNG.runSuitesSequentially(TestNG.java:1180)
at org.testng.TestNG.runSuitesLocally(TestNG.java:1102)
at org.testng.TestNG.runSuites(TestNG.java:1032)
at org.testng.TestNG.run(TestNG.java:1000)
at org.testng.remote.AbstractRemoteTestNG.run(AbstractRemoteTestNG.java:115)
at org.testng.remote.RemoteTestNG.initAndRun(RemoteTestNG.java:251)
at org.testng.remote.RemoteTestNG.main(RemoteTestNG.java:77)
]]>
    </error>
  </testcase> <!-- OpenRepaymentPlanModule -->
  <testcase name="fillIntervalsDataWithDependOnTransaction" classname="Tests.MonthlyAllCaluclationMethodsWithDependOnTransactionOptionTest">
    <skipped/>
  </testcase> <!-- fillIntervalsDataWithDependOnTransaction -->
  <testcase name="fillRepaymentsOptionsData" classname="Tests.MonthlyAllCaluclationMethodsWithDependOnTransactionOptionTest">
    <skipped/>
  </testcase> <!-- fillRepaymentsOptionsData -->
  <testcase name="fillProfitRateData" classname="Tests.MonthlyAllCaluclationMethodsWithDependOnTransactionOptionTest">
    <skipped/>
  </testcase> <!-- fillProfitRateData -->
</testsuite> <!-- Tests.MonthlyAllCaluclationMethodsWithDependOnTransactionOptionTest -->
